<?xml version="1.0" encoding="UTF-8"?>
<testng-results skipped="0" failed="0" ignored="0" total="1" passed="1">
  <reporter-output>
  </reporter-output>
  <suite name="Suite" duration-ms="26661" started-at="2021-06-20T21:21:17 CST" finished-at="2021-06-20T21:21:44 CST">
    <groups>
    </groups>
    <test name="Test" duration-ms="26661" started-at="2021-06-20T21:21:17 CST" finished-at="2021-06-20T21:21:44 CST">
      <class name="other.NewTest">
        <test-method status="PASS" signature="f()[pri:0, instance:other.NewTest@1f7030a6]" name="f" duration-ms="26613" started-at="2021-06-20T21:21:17 CST" finished-at="2021-06-20T21:21:44 CST">
          <reporter-output>
          </reporter-output>
        </test-method> <!-- f -->
      </class> <!-- other.NewTest -->
    </test> <!-- Test -->
  </suite> <!-- Suite -->
</testng-results>
